2025-05-08 10:40:49 [main] INFO  b.c.n.n.a.RunApplication - Starting RunApplication using Java 21.0.5 with PID 31332 (C:\dev\nttdata\NTTSkillBoost\activitymanagementservice\target\classes started by roger in C:\dev\nttdata\NTTSkillBoost\activitymanagementservice)
2025-05-08 10:40:50 [main] INFO  b.c.n.n.a.RunApplication - The following 1 profile is active: "dev"
2025-05-08 10:40:50 [main] INFO  o.s.c.c.c.ConfigServerConfigDataLoader - Fetching config from server at : http://localhost:8888/api
2025-05-08 10:40:50 [main] INFO  o.s.c.c.c.ConfigServerConfigDataLoader - Located environment: name=activity-management-service, profiles=[default], label=null, version=993347558eabf1de4c53c80429d04665a97535e3, state=null
2025-05-08 10:40:50 [main] DEBUG o.s.c.c.c.ConfigServerConfigDataLoader - Environment activity-management-service has 1 property sources with 1 properties.
2025-05-08 10:40:50 [main] INFO  o.s.c.c.c.ConfigServerConfigDataLoader - Fetching config from server at : http://localhost:8888/api
2025-05-08 10:40:50 [main] INFO  o.s.c.c.c.ConfigServerConfigDataLoader - Located environment: name=activity-management-service, profiles=[dev], label=null, version=993347558eabf1de4c53c80429d04665a97535e3, state=null
2025-05-08 10:40:50 [main] DEBUG o.s.c.c.c.ConfigServerConfigDataLoader - Environment activity-management-service has 2 property sources with 73 properties.
2025-05-08 10:40:52 [main] INFO  o.s.d.r.c.RepositoryConfigurationDelegate - Bootstrapping Spring Data JPA repositories in DEFAULT mode.
2025-05-08 10:40:52 [main] INFO  o.s.d.r.c.RepositoryConfigurationDelegate - Finished Spring Data repository scanning in 366 ms. Found 2 JPA repository interfaces.
2025-05-08 10:40:53 [main] INFO  o.s.cloud.context.scope.GenericScope - BeanFactory id=e495c727-c0dd-3dce-9378-ec95aa071a96
2025-05-08 10:40:55 [main] INFO  o.s.b.w.e.tomcat.TomcatWebServer - Tomcat initialized with port 8883 (http)
2025-05-08 10:40:55 [main] INFO  o.a.coyote.http11.Http11NioProtocol - Initializing ProtocolHandler ["http-nio-8883"]
2025-05-08 10:40:55 [main] INFO  o.a.catalina.core.StandardService - Starting service [Tomcat]
2025-05-08 10:40:55 [main] INFO  o.a.catalina.core.StandardEngine - Starting Servlet engine: [Apache Tomcat/10.1.39]
2025-05-08 10:40:55 [main] INFO  o.a.c.c.C.[.[localhost].[/api] - Initializing Spring embedded WebApplicationContext
2025-05-08 10:40:55 [main] INFO  o.s.b.w.s.c.ServletWebServerApplicationContext - Root WebApplicationContext: initialization completed in 5921 ms
2025-05-08 10:40:57 [main] INFO  com.zaxxer.hikari.HikariDataSource - HikariPool-1 - Starting...
2025-05-08 10:40:58 [main] INFO  com.zaxxer.hikari.pool.HikariPool - HikariPool-1 - Added connection org.postgresql.jdbc.PgConnection@318ca53a
2025-05-08 10:40:58 [main] INFO  com.zaxxer.hikari.HikariDataSource - HikariPool-1 - Start completed.
2025-05-08 10:40:58 [main] INFO  org.flywaydb.core.FlywayExecutor - Database: jdbc:postgresql://192.168.100.197:5435/nkbost-activity-management-db (PostgreSQL 16.8)
2025-05-08 10:40:58 [main] INFO  o.f.core.internal.command.DbValidate - Successfully validated 3 migrations (execution time 00:00.087s)
2025-05-08 10:40:58 [main] INFO  o.f.core.internal.command.DbMigrate - Current version of schema "public": 1.2
2025-05-08 10:40:58 [main] INFO  o.f.core.internal.command.DbMigrate - Schema "public" is up to date. No migration necessary.
2025-05-08 10:40:58 [main] INFO  o.h.jpa.internal.util.LogHelper - HHH000204: Processing PersistenceUnitInfo [name: default]
2025-05-08 10:40:58 [main] INFO  org.hibernate.Version - HHH000412: Hibernate ORM core version 6.6.11.Final
2025-05-08 10:40:58 [main] INFO  o.h.c.i.RegionFactoryInitiator - HHH000026: Second-level cache disabled
2025-05-08 10:40:59 [main] INFO  o.s.o.j.p.SpringPersistenceUnitInfo - No LoadTimeWeaver setup: ignoring JPA class transformer
2025-05-08 10:40:59 [main] WARN  org.hibernate.orm.deprecation - HHH90000025: PostgreSQLDialect does not need to be specified explicitly using 'hibernate.dialect' (remove the property setting and it will be selected by default)
2025-05-08 10:40:59 [main] INFO  o.hibernate.orm.connections.pooling - HHH10001005: Database info:
	Database JDBC URL [Connecting through datasource 'HikariDataSource (HikariPool-1)']
	Database driver: undefined/unknown
	Database version: 16.8
	Autocommit mode: undefined/unknown
	Isolation level: undefined/unknown
	Minimum pool size: undefined/unknown
	Maximum pool size: undefined/unknown
2025-05-08 10:41:00 [main] INFO  o.h.e.t.j.p.i.JtaPlatformInitiator - HHH000489: No JTA platform available (set 'hibernate.transaction.jta.platform' to enable JTA platform integration)
2025-05-08 10:41:00 [main] INFO  o.s.o.j.LocalContainerEntityManagerFactoryBean - Initialized JPA EntityManagerFactory for persistence unit 'default'
2025-05-08 10:41:03 [main] WARN  o.s.b.a.o.j.JpaBaseConfiguration$JpaWebConfiguration - spring.jpa.open-in-view is enabled by default. Therefore, database queries may be performed during view rendering. Explicitly configure spring.jpa.open-in-view to disable this warning
2025-05-08 10:41:04 [main] INFO  o.s.v.b.OptionalValidatorFactoryBean - Failed to set up a Bean Validation provider: jakarta.validation.NoProviderFoundException: Unable to create a Configuration, because no Jakarta Bean Validation provider could be found. Add a provider like Hibernate Validator (RI) to your classpath.
2025-05-08 10:41:06 [main] INFO  o.s.cloud.commons.util.InetUtils - Cannot determine local hostname
2025-05-08 10:41:07 [main] INFO  o.s.cloud.commons.util.InetUtils - Cannot determine local hostname
2025-05-08 10:41:09 [main] INFO  o.s.cloud.commons.util.InetUtils - Cannot determine local hostname
2025-05-08 10:41:09 [main] INFO  o.s.c.n.e.c.DiscoveryClientOptionalArgsConfiguration - Eureka HTTP Client uses RestTemplate.
2025-05-08 10:41:09 [main] WARN  o.s.c.l.c.LoadBalancerCacheAutoConfiguration$LoadBalancerCaffeineWarnLogger - Spring Cloud LoadBalancer is currently working with the default cache. While this cache implementation is useful for development and tests, it's recommended to use Caffeine cache in production.You can switch to using Caffeine cache, by adding it and org.springframework.cache.caffeine.CaffeineCacheManager to the classpath.
2025-05-08 10:41:09 [main] INFO  o.s.b.a.e.web.EndpointLinksResolver - Exposing 30 endpoints beneath base path '/actuator'
2025-05-08 10:41:09 [main] INFO  o.s.c.n.eureka.InstanceInfoFactory - Setting initial instance status as: STARTING
2025-05-08 10:41:09 [main] INFO  c.netflix.discovery.DiscoveryClient - Initializing Eureka in region us-east-1
2025-05-08 10:41:09 [main] INFO  c.n.d.s.r.aws.ConfigClusterResolver - Resolving eureka endpoints via configuration
2025-05-08 10:41:09 [main] INFO  c.netflix.discovery.DiscoveryClient - Disable delta property : false
2025-05-08 10:41:09 [main] INFO  c.netflix.discovery.DiscoveryClient - Single vip registry refresh property : null
2025-05-08 10:41:09 [main] INFO  c.netflix.discovery.DiscoveryClient - Force full registry fetch : false
2025-05-08 10:41:09 [main] INFO  c.netflix.discovery.DiscoveryClient - Application is null : false
2025-05-08 10:41:09 [main] INFO  c.netflix.discovery.DiscoveryClient - Registered Applications size is zero : true
2025-05-08 10:41:09 [main] INFO  c.netflix.discovery.DiscoveryClient - Application version is -1: true
2025-05-08 10:41:09 [main] INFO  c.netflix.discovery.DiscoveryClient - Getting all instance registry info from the eureka server
2025-05-08 10:41:10 [main] INFO  c.netflix.discovery.DiscoveryClient - The response status is 200
2025-05-08 10:41:10 [main] INFO  c.netflix.discovery.DiscoveryClient - Starting heartbeat executor: renew interval is: 30
2025-05-08 10:41:10 [main] INFO  c.n.discovery.InstanceInfoReplicator - InstanceInfoReplicator onDemand update allowed rate per min is 12
2025-05-08 10:41:10 [main] INFO  c.netflix.discovery.DiscoveryClient - Discovery Client initialized at timestamp 1746711670093 with initial instances count: 3
2025-05-08 10:41:10 [main] INFO  o.s.c.n.e.s.EurekaServiceRegistry - Registering application ACTIVITY-MANAGEMENT-SERVICE with eureka with status UP
2025-05-08 10:41:10 [main] INFO  c.netflix.discovery.DiscoveryClient - Saw local status change event StatusChangeEvent [timestamp=1746711670104, current=UP, previous=STARTING]
2025-05-08 10:41:10 [main] INFO  o.a.coyote.http11.Http11NioProtocol - Starting ProtocolHandler ["http-nio-8883"]
2025-05-08 10:41:10 [DiscoveryClient-InstanceInfoReplicator-%d] INFO  c.netflix.discovery.DiscoveryClient - DiscoveryClient_ACTIVITY-MANAGEMENT-SERVICE/localhost:activity-management-service:8883: registering service...
2025-05-08 10:41:10 [main] INFO  o.s.b.w.e.tomcat.TomcatWebServer - Tomcat started on port 8883 (http) with context path '/api'
2025-05-08 10:41:10 [main] INFO  o.s.c.n.e.s.EurekaAutoServiceRegistration - Updating port to 8883
2025-05-08 10:41:10 [DiscoveryClient-InstanceInfoReplicator-%d] INFO  c.netflix.discovery.DiscoveryClient - DiscoveryClient_ACTIVITY-MANAGEMENT-SERVICE/localhost:activity-management-service:8883 - registration status: 204
2025-05-08 10:41:11 [main] INFO  o.s.cloud.commons.util.InetUtils - Cannot determine local hostname
2025-05-08 10:41:12 [main] INFO  o.s.cloud.commons.util.InetUtils - Cannot determine local hostname
2025-05-08 10:41:12 [main] INFO  b.c.n.n.a.RunApplication - Started RunApplication in 26.33 seconds (process running for 27.465)
